TN:
SF:..\..\..\..\..\dist\cjs\index.js
FN:15,_interopDefaultLegacy
FN:23,stachePlugin
FN:29,configResolved
FN:31,transform
FN:117,stacheImportPlugin
FN:122,configResolved
FN:129,resolveId
FN:134,load
FN:163,stacheInlinePlugin
FN:164,transform
FN:185,index
FNF:11
FNH:11
FNDA:8,_interopDefaultLegacy
FNDA:8,stachePlugin
FNDA:8,configResolved
FNDA:2306,transform
FNDA:8,stacheImportPlugin
FNDA:8,configResolved
FNDA:9175,resolveId
FNDA:2302,load
FNDA:8,stacheInlinePlugin
FNDA:2306,transform
FNDA:8,index
DA:1,4
DA:2,4
DA:3,4
DA:4,4
DA:5,4
DA:6,4
DA:7,4
DA:8,4
DA:9,4
DA:10,4
DA:11,4
DA:12,4
DA:13,4
DA:14,4
DA:15,4
DA:16,4
DA:17,4
DA:18,4
DA:19,4
DA:20,4
DA:21,4
DA:22,4
DA:23,4
DA:24,8
DA:25,8
DA:26,8
DA:27,8
DA:28,8
DA:29,8
DA:30,8
DA:31,8
DA:32,2306
DA:33,2306
DA:34,2306
DA:35,7
DA:36,7
DA:37,7
DA:38,7
DA:39,7
DA:40,3
DA:41,6
DA:42,6
DA:43,3
DA:44,2
DA:45,2
DA:46,2
DA:47,2
DA:48,3
DA:49,1
DA:50,1
DA:51,1
DA:52,1
DA:53,3
DA:54,3
DA:55,7
DA:56,7
DA:57,7
DA:58,7
DA:59,7
DA:60,7
DA:61,7
DA:62,6
DA:63,7
DA:64,7
DA:65,2
DA:66,7
DA:67,7
DA:68,7
DA:69,7
DA:70,7
DA:71,1
DA:72,1
DA:73,1
DA:74,1
DA:75,7
DA:76,7
DA:77,7
DA:78,7
DA:79,1
DA:80,1
DA:81,3
DA:82,3
DA:83,3
DA:84,1
DA:85,3
DA:86,3
DA:87,1
DA:88,1
DA:89,7
DA:90,7
DA:91,7
DA:92,7
DA:93,7
DA:94,7
DA:95,7
DA:96,7
DA:97,7
DA:98,7
DA:99,7
DA:100,7
DA:101,7
DA:102,7
DA:103,7
DA:104,7
DA:105,7
DA:106,7
DA:107,7
DA:108,7
DA:109,7
DA:110,7
DA:111,7
DA:112,7
DA:113,7
DA:114,2306
DA:115,2299
DA:116,4
DA:117,4
DA:118,8
DA:119,8
DA:120,8
DA:121,8
DA:122,8
DA:123,8
DA:124,8
DA:125,8
DA:126,8
DA:127,8
DA:128,8
DA:129,9175
DA:130,9175
DA:131,2
DA:132,2
DA:133,2
DA:134,8
DA:135,2302
DA:136,2302
DA:137,2
DA:138,2
DA:139,2
DA:140,2
DA:141,2
DA:142,2
DA:143,2
DA:144,2
DA:145,2
DA:146,2
DA:147,2
DA:148,2
DA:149,2
DA:150,2
DA:151,2
DA:152,2
DA:153,2
DA:154,2
DA:155,2
DA:156,2
DA:157,2
DA:158,2
DA:159,2
DA:160,2
DA:161,2
DA:162,2302
DA:163,4
DA:164,8
DA:165,2306
DA:166,2306
DA:167,2306
DA:168,2306
DA:169,21
DA:170,21
DA:171,21
DA:172,21
DA:173,4
DA:174,4
DA:175,4
DA:176,4
DA:177,4
DA:178,4
DA:179,4
DA:180,4
DA:181,4
DA:182,4
DA:183,4
DA:184,2306
DA:185,4
LF:185
LH:185
BRDA:1,0,0,4
BRDA:15,1,0,8
BRDA:16,2,0,4
BRDA:16,3,0,4
BRDA:23,4,0,8
BRDA:29,5,0,8
BRDA:31,6,0,2306
BRDA:34,7,0,7
BRDA:34,8,0,7
BRDA:56,9,0,0
BRDA:61,10,0,6
BRDA:63,11,0,5
BRDA:63,12,0,2
BRDA:64,13,0,5
BRDA:70,14,0,6
BRDA:71,15,0,1
BRDA:75,16,0,6
BRDA:78,17,0,1
BRDA:89,18,0,6
BRDA:114,19,0,2299
BRDA:39,20,0,3
BRDA:40,21,0,6
BRDA:42,22,0,3
BRDA:42,23,0,3
BRDA:43,24,0,2
BRDA:48,25,0,1
BRDA:64,26,0,2
BRDA:67,27,0,1
BRDA:73,28,0,3
BRDA:80,29,0,3
BRDA:83,30,0,1
BRDA:104,31,0,2
BRDA:117,32,0,8
BRDA:122,33,0,8
BRDA:129,34,0,9175
BRDA:130,35,0,2
BRDA:134,36,0,9173
BRDA:134,37,0,2302
BRDA:136,38,0,2
BRDA:162,39,0,2300
BRDA:163,40,0,8
BRDA:164,41,0,2306
BRDA:167,42,0,2288
BRDA:168,43,0,21
BRDA:173,44,0,4
BRDA:185,45,0,8
BRF:46
BRH:45
end_of_record
